TN:
SF:/home/coder/projects/shoe_api/config/dbconnection.js
FN:3,(anonymous_0)
FNF:1
FNH:1
FNDA:1,(anonymous_0)
DA:1,1
DA:3,1
DA:4,1
DA:6,1
DA:7,1
DA:8,0
DA:10,1
DA:12,1
DA:17,1
LF:9
LH:8
BRDA:7,0,0,0
BRDA:7,0,1,1
BRDA:10,1,0,1
BRDA:10,1,1,1
BRF:4
BRH:3
end_of_record
TN:
SF:/home/coder/projects/shoe_api/services/CartService.js
FN:1,(anonymous_0)
FN:3,findShoeById
FN:11,addToCart
FN:77,getCart
FN:86,(anonymous_4)
FN:99,clearCart
FN:102,(anonymous_6)
FNF:7
FNH:5
FNDA:1,(anonymous_0)
FNDA:5,findShoeById
FNDA:5,addToCart
FNDA:2,getCart
FNDA:2,(anonymous_4)
FNDA:0,clearCart
FNDA:0,(anonymous_6)
DA:1,1
DA:4,5
DA:5,5
DA:6,5
DA:7,5
DA:13,5
DA:15,5
DA:16,0
DA:21,5
DA:22,0
DA:27,5
DA:28,0
DA:34,5
DA:36,5
DA:40,5
DA:41,5
DA:43,4
DA:48,4
DA:51,4
DA:57,1
DA:61,1
DA:64,1
DA:70,0
DA:78,2
DA:83,2
DA:84,2
DA:86,1
DA:87,2
DA:89,1
DA:91,1
DA:94,1
DA:96,2
DA:100,0
DA:102,0
DA:103,0
DA:107,0
DA:108,0
DA:110,0
DA:116,1
LF:39
LH:29
BRDA:5,0,0,5
BRDA:5,0,1,0
BRDA:15,1,0,0
BRDA:15,1,1,5
BRDA:21,2,0,0
BRDA:21,2,1,5
BRDA:27,3,0,0
BRDA:27,3,1,5
BRDA:41,4,0,4
BRDA:41,4,1,1
BRDA:84,5,0,1
BRDA:84,5,1,1
BRF:12
BRH:8
end_of_record
TN:
SF:/home/coder/projects/shoe_api/services/ShoeService.js
FN:3,(anonymous_0)
FN:12,addShoe
FN:42,updateShoe
FN:71,getShoes
FN:103,findShoe
FNF:5
FNH:5
FNDA:1,(anonymous_0)
FNDA:12,addShoe
FNDA:2,updateShoe
FNDA:2,getShoes
FNDA:13,findShoe
DA:1,1
DA:3,1
DA:13,12
DA:14,1
DA:15,1
DA:21,11
DA:22,11
DA:23,11
DA:24,1
DA:25,1
DA:30,10
DA:34,10
DA:35,10
DA:37,0
DA:38,0
DA:43,2
DA:45,2
DA:46,2
DA:47,1
DA:53,1
DA:57,1
DA:58,1
DA:64,0
DA:72,2
DA:73,1
DA:83,1
DA:89,1
DA:90,1
DA:91,1
DA:96,0
DA:104,13
DA:105,13
DA:109,13
DA:112,1
LF:34
LH:30
BRDA:13,0,0,1
BRDA:13,0,1,11
BRDA:23,1,0,1
BRDA:23,1,1,10
BRDA:46,2,0,1
BRDA:46,2,1,1
BRDA:72,3,0,1
BRDA:72,3,1,1
BRF:8
BRH:8
end_of_record
